{
  "RSpec": {
    "coverage": {
      "/Users/rlyon/src/ruby/midwife/lib/midwife.rb": [
        null,
        null,
        null,
        null,
        null,
        null,
        null,
        null,
        null,
        null,
        null,
        null,
        null,
        null,
        1,
        1,
        1,
        null,
        1,
        1,
        null,
        1,
        1,
        1,
        1,
        1,
        1,
        1,
        1,
        1,
        null,
        1,
        1,
        1,
        1,
        1,
        1,
        1,
        1,
        1,
        1,
        1,
        1,
        1,
        1,
        null,
        1,
        1,
        1,
        1,
        1,
        null,
        null,
        null,
        null,
        null,
        null,
        null,
        null,
        null,
        null,
        null,
        null,
        null,
        null,
        null,
        null,
        null,
        1,
        null,
        null,
        null,
        null
      ],
      "/Users/rlyon/src/ruby/midwife/lib/midwife/configuration.rb": [
        null,
        null,
        null,
        null,
        null,
        null,
        null,
        null,
        null,
        null,
        null,
        null,
        null,
        null,
        1,
        1,
        1,
        1,
        1,
        1,
        1,
        1,
        1,
        1,
        1,
        1,
        1,
        1,
        1,
        1,
        1,
        1,
        1,
        1,
        null,
        1,
        48,
        48,
        48,
        48,
        48,
        48,
        48,
        48,
        48,
        null,
        48,
        48,
        48,
        null,
        48,
        48,
        null,
        48,
        48,
        48,
        48,
        null,
        null,
        1,
        13,
        13,
        13,
        13,
        null,
        null,
        1,
        1,
        13,
        null,
        null,
        1,
        232,
        null,
        null,
        null,
        null,
        1,
        1,
        null,
        null,
        1,
        0,
        0,
        null,
        null
      ],
      "/Users/rlyon/src/ruby/midwife/lib/midwife/collections/base.rb": [
        1,
        1,
        1,
        1,
        null,
        1,
        146,
        null,
        null,
        1,
        6,
        null,
        null,
        1,
        199,
        203,
        203,
        null,
        null,
        null,
        1,
        137,
        425,
        null,
        null,
        null,
        1,
        204,
        null,
        null,
        null,
        1,
        542,
        null,
        null,
        null,
        null
      ],
      "/Users/rlyon/src/ruby/midwife/lib/midwife/collections/chef.rb": [
        1,
        1,
        1,
        null,
        null,
        null
      ],
      "/Users/rlyon/src/ruby/midwife/lib/midwife/collections/distro.rb": [
        1,
        1,
        1,
        null,
        null,
        null
      ],
      "/Users/rlyon/src/ruby/midwife/lib/midwife/collections/host.rb": [
        1,
        1,
        1,
        null,
        null,
        null
      ],
      "/Users/rlyon/src/ruby/midwife/lib/midwife/collections/layout.rb": [
        1,
        1,
        1,
        null,
        null,
        null
      ],
      "/Users/rlyon/src/ruby/midwife/lib/midwife/collections/network.rb": [
        1,
        1,
        1,
        null,
        null,
        null
      ],
      "/Users/rlyon/src/ruby/midwife/lib/midwife/collections/snippet.rb": [
        1,
        1,
        1,
        null,
        null,
        null
      ],
      "/Users/rlyon/src/ruby/midwife/lib/midwife/collections/template.rb": [
        1,
        1,
        1,
        null,
        null,
        null
      ],
      "/Users/rlyon/src/ruby/midwife/lib/midwife/collection.rb": [
        1,
        1,
        1,
        1,
        1,
        1,
        1,
        1,
        1,
        null,
        1,
        20,
        20,
        20,
        20,
        20,
        20,
        20,
        null,
        null,
        null
      ],
      "/Users/rlyon/src/ruby/midwife/lib/midwife/dsl/chef.rb": [
        1,
        1,
        1,
        1,
        1,
        1,
        1,
        1,
        1,
        1,
        1,
        null,
        1,
        30,
        30,
        30,
        30,
        30,
        30,
        30,
        30,
        null,
        null,
        1,
        4,
        4,
        4,
        4,
        4,
        4,
        4,
        null,
        null,
        1,
        0,
        0,
        0,
        0,
        0,
        0,
        0,
        0,
        0,
        0,
        0,
        null,
        null,
        1,
        14,
        14,
        14,
        14,
        null,
        null,
        1,
        1,
        14,
        null,
        null,
        1,
        14,
        null,
        null,
        1,
        14,
        null,
        null,
        1,
        14,
        null,
        null,
        1,
        14,
        null,
        null,
        1,
        14,
        null,
        null,
        1,
        14,
        null,
        null,
        1,
        14,
        null,
        null,
        null,
        1,
        null,
        null,
        null
      ],
      "/Users/rlyon/src/ruby/midwife/lib/midwife/dsl/distro.rb": [
        1,
        1,
        1,
        1,
        1,
        1,
        1,
        null,
        1,
        22,
        22,
        22,
        22,
        null,
        null,
        1,
        14,
        14,
        14,
        14,
        null,
        null,
        1,
        1,
        14,
        null,
        null,
        1,
        14,
        null,
        null,
        1,
        14,
        null,
        null,
        1,
        14,
        null,
        null,
        null,
        1,
        null,
        null,
        null
      ],
      "/Users/rlyon/src/ruby/midwife/lib/midwife/dsl/partition.rb": [
        1,
        1,
        1,
        1,
        1,
        1,
        1,
        1,
        1,
        null,
        1,
        66,
        66,
        66,
        66,
        66,
        66,
        null,
        null,
        1,
        54,
        54,
        54,
        54,
        null,
        null,
        1,
        1,
        54,
        null,
        null,
        1,
        53,
        53,
        null,
        null,
        1,
        42,
        null,
        null,
        1,
        28,
        null,
        null,
        1,
        15,
        null,
        null,
        1,
        3,
        null,
        null,
        null,
        null,
        null
      ],
      "/Users/rlyon/src/ruby/midwife/lib/midwife/dsl/logical_volume.rb": [
        1,
        1,
        1,
        1,
        1,
        1,
        1,
        1,
        1,
        null,
        1,
        23,
        23,
        23,
        23,
        23,
        23,
        null,
        null,
        1,
        13,
        13,
        13,
        13,
        null,
        null,
        1,
        1,
        13,
        null,
        null,
        1,
        12,
        null,
        null,
        1,
        13,
        13,
        null,
        null,
        1,
        1,
        null,
        null,
        1,
        13,
        null,
        null,
        1,
        1,
        null,
        null,
        null,
        null,
        null
      ],
      "/Users/rlyon/src/ruby/midwife/lib/midwife/dsl/volume_group.rb": [
        1,
        1,
        1,
        1,
        1,
        1,
        null,
        1,
        17,
        17,
        17,
        null,
        null,
        1,
        13,
        13,
        13,
        13,
        null,
        null,
        1,
        1,
        13,
        null,
        null,
        1,
        12,
        null,
        null,
        1,
        null,
        null,
        null,
        null
      ],
      "/Users/rlyon/src/ruby/midwife/lib/midwife/dsl/layout.rb": [
        1,
        1,
        1,
        1,
        1,
        1,
        1,
        1,
        1,
        null,
        1,
        23,
        23,
        23,
        23,
        23,
        null,
        null,
        1,
        15,
        1,
        null,
        null,
        null,
        1,
        15,
        15,
        15,
        15,
        14,
        null,
        null,
        1,
        1,
        15,
        null,
        null,
        1,
        15,
        null,
        null,
        1,
        15,
        null,
        null,
        1,
        53,
        0,
        null,
        53,
        null,
        null,
        1,
        12,
        0,
        null,
        12,
        null,
        null,
        1,
        1,
        null,
        null,
        1,
        null,
        null,
        null
      ],
      "/Users/rlyon/src/ruby/midwife/lib/midwife/dsl/network.rb": [
        1,
        1,
        1,
        1,
        1,
        1,
        1,
        1,
        null,
        1,
        34,
        34,
        34,
        34,
        34,
        null,
        null,
        1,
        26,
        26,
        26,
        26,
        null,
        null,
        1,
        1,
        26,
        null,
        null,
        1,
        26,
        null,
        null,
        1,
        26,
        null,
        null,
        1,
        52,
        null,
        null,
        1,
        0,
        null,
        null,
        null,
        1,
        null,
        null,
        null
      ],
      "/Users/rlyon/src/ruby/midwife/lib/midwife/dsl/interface.rb": [
        1,
        1,
        1,
        1,
        1,
        1,
        1,
        1,
        1,
        1,
        1,
        1,
        1,
        1,
        1,
        1,
        1,
        null,
        1,
        53,
        53,
        53,
        53,
        53,
        53,
        53,
        53,
        53,
        53,
        53,
        53,
        53,
        null,
        null,
        1,
        8,
        null,
        null,
        1,
        27,
        27,
        27,
        27,
        null,
        null,
        1,
        1,
        27,
        27,
        null,
        null,
        1,
        2,
        null,
        null,
        1,
        27,
        null,
        null,
        1,
        27,
        null,
        null,
        1,
        2,
        null,
        null,
        1,
        2,
        null,
        null,
        1,
        2,
        null,
        null,
        1,
        2,
        null,
        null,
        1,
        2,
        null,
        null,
        1,
        2,
        null,
        null,
        1,
        2,
        null,
        null,
        1,
        2,
        null,
        null,
        1,
        4,
        null,
        null,
        1,
        0,
        null,
        null,
        1,
        25,
        25,
        0,
        null,
        null,
        25,
        25,
        25,
        25,
        null,
        null,
        null,
        null,
        null
      ],
      "/Users/rlyon/src/ruby/midwife/lib/midwife/dsl/firewall.rb": [
        1,
        1,
        1,
        1,
        1,
        1,
        1,
        1,
        1,
        1,
        1,
        null,
        1,
        31,
        31,
        31,
        31,
        31,
        31,
        31,
        31,
        null,
        null,
        1,
        0,
        0,
        0,
        0,
        null,
        null,
        1,
        1,
        0,
        null,
        null,
        1,
        0,
        null,
        null,
        1,
        0,
        null,
        null,
        1,
        0,
        null,
        null,
        1,
        0,
        null,
        null,
        1,
        0,
        null,
        null,
        1,
        0,
        null,
        null,
        1,
        0,
        null,
        null,
        1,
        0,
        null,
        null,
        null,
        null,
        null
      ],
      "/Users/rlyon/src/ruby/midwife/lib/midwife/dsl/password.rb": [
        1,
        1,
        1,
        1,
        1,
        1,
        1,
        null,
        1,
        31,
        31,
        31,
        31,
        null,
        null,
        1,
        4,
        null,
        null,
        1,
        4,
        null,
        null,
        1,
        31,
        31,
        null,
        null,
        1,
        31,
        null,
        null,
        1,
        0,
        0,
        0,
        0,
        null,
        null,
        1,
        1,
        0,
        null,
        null,
        1,
        0,
        null,
        null,
        1,
        0,
        0,
        0,
        null,
        null,
        1,
        0,
        0,
        0,
        null,
        null,
        null,
        null,
        null
      ],
      "/Users/rlyon/src/ruby/midwife/lib/midwife/dsl/timezone.rb": [
        1,
        1,
        1,
        1,
        1,
        1,
        1,
        null,
        1,
        31,
        31,
        31,
        31,
        null,
        null,
        null,
        null,
        null,
        null,
        null,
        null,
        null
      ],
      "/Users/rlyon/src/ruby/midwife/lib/midwife/dsl/snippet.rb": [
        1,
        1,
        1,
        1,
        1,
        null,
        1,
        109,
        109,
        null,
        null,
        1,
        null,
        1,
        1,
        109,
        null,
        null,
        null,
        null
      ],
      "/Users/rlyon/src/ruby/midwife/lib/midwife/dsl/template.rb": [
        1,
        1,
        1,
        1,
        1,
        null,
        1,
        12,
        12,
        null,
        null,
        1,
        null,
        1,
        1,
        12,
        null,
        null,
        null,
        null
      ],
      "/Users/rlyon/src/ruby/midwife/lib/midwife/dsl/host.rb": [
        1,
        1,
        1,
        1,
        1,
        1,
        1,
        1,
        1,
        1,
        1,
        1,
        1,
        1,
        1,
        1,
        1,
        1,
        null,
        1,
        31,
        31,
        31,
        31,
        31,
        31,
        31,
        31,
        31,
        null,
        31,
        31,
        31,
        31,
        31,
        31,
        null,
        null,
        1,
        null,
        null,
        31,
        null,
        null,
        null,
        null,
        null,
        null,
        null,
        null,
        null,
        null,
        null,
        null,
        null,
        null,
        null,
        null,
        null,
        null,
        null,
        null,
        null,
        null,
        1,
        13,
        13,
        13,
        13,
        null,
        null,
        1,
        1,
        13,
        13,
        null,
        null,
        1,
        13,
        1,
        null,
        12,
        null,
        null,
        null,
        1,
        13,
        13,
        0,
        null,
        13,
        null,
        null,
        1,
        13,
        1,
        null,
        12,
        null,
        null,
        null,
        1,
        13,
        null,
        null,
        1,
        12,
        12,
        0,
        null,
        12,
        null,
        null,
        1,
        36,
        36,
        0,
        null,
        36,
        null,
        null,
        1,
        25,
        null,
        null,
        1,
        13,
        1,
        null,
        12,
        null,
        null,
        null,
        1,
        0,
        0,
        null,
        0,
        null,
        null,
        1,
        0,
        0,
        null,
        0,
        null,
        null,
        1,
        0,
        null,
        null,
        1,
        12,
        0,
        null,
        12,
        null,
        12,
        null,
        null,
        null,
        1,
        null,
        null,
        null
      ],
      "/Users/rlyon/src/ruby/midwife/lib/midwife/kickstart.rb": [
        1,
        1,
        1,
        4,
        4,
        4,
        null,
        null,
        1,
        4,
        4,
        null,
        null,
        1,
        1,
        null,
        1,
        4,
        4,
        null,
        null,
        1,
        4,
        null,
        null,
        1,
        4,
        4,
        4,
        null,
        4,
        null,
        4,
        4,
        null,
        null,
        1,
        4,
        4,
        4,
        4,
        null,
        12,
        12,
        null,
        4,
        4,
        null,
        null,
        1,
        4,
        4,
        4,
        null,
        null,
        1,
        4,
        4,
        8,
        null,
        8,
        8,
        8,
        8,
        8,
        null,
        null,
        8,
        8,
        8,
        8,
        8,
        8,
        8,
        8,
        null,
        4,
        null,
        null,
        1,
        4,
        4,
        4,
        4,
        null,
        0,
        null,
        4,
        null,
        null,
        1,
        4,
        4,
        4,
        0,
        0,
        0,
        0,
        0,
        0,
        0,
        0,
        0,
        null,
        null,
        4,
        null,
        4,
        null,
        null,
        1,
        4,
        4,
        4,
        4,
        null,
        4,
        4,
        null,
        null,
        1,
        4,
        null,
        null,
        1,
        4,
        4,
        4,
        4,
        4,
        4,
        4,
        null,
        null,
        1,
        null,
        4,
        4,
        4,
        16,
        16,
        16,
        null,
        16,
        16,
        16,
        null,
        0,
        null,
        16,
        null,
        4,
        null,
        null,
        1,
        null,
        4,
        4,
        4,
        4,
        4,
        4,
        4,
        4,
        4,
        4,
        null,
        0,
        null,
        4,
        null,
        null,
        4,
        null,
        null,
        1,
        4,
        null,
        null,
        null,
        1,
        1,
        null,
        1,
        12,
        12,
        null,
        null,
        1,
        12,
        null,
        null,
        1,
        32,
        null,
        null,
        1,
        0,
        null,
        null,
        1,
        4,
        4,
        null,
        null,
        1,
        12,
        null,
        null,
        1,
        12,
        null,
        null,
        1,
        0,
        null,
        null,
        1,
        0,
        null,
        null,
        1,
        0,
        null,
        null,
        null,
        null
      ],
      "/Users/rlyon/src/ruby/midwife/lib/midwife/builder.rb": [
        null,
        null,
        null,
        null,
        null,
        null,
        null,
        null,
        null,
        null,
        null,
        null,
        null,
        null,
        1,
        1,
        1,
        null,
        1,
        12,
        12,
        null,
        null,
        1,
        12,
        12,
        12,
        12,
        null,
        null,
        null,
        null,
        12,
        60,
        72,
        null,
        null,
        12,
        null,
        null,
        1,
        1,
        12,
        null,
        null,
        1,
        12,
        null,
        null,
        null,
        null,
        1,
        12,
        null,
        null,
        null,
        null,
        1,
        24,
        null,
        null,
        null,
        null,
        1,
        12,
        null,
        null,
        null,
        null,
        1,
        12,
        null,
        null,
        null,
        null,
        1,
        12,
        12,
        null,
        null,
        null,
        null,
        null,
        1,
        12,
        108,
        null,
        null,
        null,
        null,
        null,
        null,
        null
      ],
      "/Users/rlyon/src/ruby/midwife/lib/midwife/pxe.rb": [
        null,
        null,
        null,
        null,
        null,
        null,
        null,
        null,
        null,
        null,
        null,
        null,
        null,
        null,
        1,
        1,
        1,
        null,
        1,
        5,
        5,
        5,
        5,
        5,
        5,
        null,
        null,
        1,
        5,
        null,
        null,
        1,
        5,
        5,
        null,
        null,
        null,
        1,
        3,
        3,
        null,
        null,
        1,
        null,
        1,
        2,
        2,
        null,
        null,
        null
      ],
      "/Users/rlyon/src/ruby/midwife/lib/midwife/server/application.rb": [
        null,
        null,
        null,
        null,
        null,
        null,
        null,
        null,
        null,
        null,
        null,
        null,
        null,
        null,
        1,
        null,
        1,
        1,
        1,
        1,
        1,
        1,
        1,
        null,
        null,
        1,
        7,
        7,
        null,
        null,
        1,
        1,
        1,
        null,
        null,
        1,
        2,
        null,
        2,
        null,
        2,
        1,
        1,
        1,
        null,
        1,
        null,
        null,
        null,
        1,
        2,
        2,
        null,
        2,
        1,
        1,
        null,
        1,
        null,
        null,
        null,
        1,
        2,
        2,
        null,
        2,
        1,
        1,
        null,
        1,
        null,
        null,
        null,
        1,
        3,
        null,
        null,
        1,
        1,
        6,
        null,
        null,
        1,
        5,
        null,
        null,
        1,
        1,
        null,
        null,
        null,
        null,
        null,
        null,
        null,
        1,
        null,
        null,
        1,
        1,
        null,
        null,
        null,
        null,
        null,
        null,
        null,
        1,
        null,
        null,
        1,
        7,
        null,
        null,
        1,
        9,
        9,
        null,
        null,
        1,
        2,
        2,
        null,
        null,
        1,
        0,
        0,
        null,
        null,
        1,
        6,
        6,
        null,
        null,
        1,
        0,
        0,
        null,
        null,
        null,
        null,
        null
      ],
      "/Users/rlyon/src/ruby/midwife/lib/midwife/server/control.rb": [
        null,
        null,
        null,
        null,
        null,
        null,
        null,
        null,
        null,
        null,
        null,
        null,
        null,
        null,
        1,
        1,
        1,
        1,
        null,
        1,
        1,
        1,
        1,
        0,
        0,
        0,
        0,
        null,
        0,
        0,
        0,
        0,
        0,
        0,
        null,
        0,
        null,
        0,
        null,
        null,
        1,
        0,
        0,
        null,
        null,
        1,
        0,
        0,
        null,
        null,
        null,
        null
      ]
    },
    "timestamp": 1396293157
  }
}
